TN:
SF:/home/athroener/WebstormProjects/modern-mean-core-material/client/app/core.client.app.loader.js
FN:1,(anonymous_1)
FN:10,registerModule
FN:25,(anonymous_3)
FNF:3
FNH:3
FNDA:1,(anonymous_1)
FNDA:4,registerModule
FNDA:1,(anonymous_3)
DA:1,1
DA:4,1
DA:10,1
DA:12,4
DA:15,4
DA:16,4
DA:20,1
DA:23,1
DA:26,1
LF:9
LH:9
BRDA:12,1,0,4
BRDA:12,1,1,1
BRF:2
BRH:2
end_of_record
TN:
SF:/home/athroener/WebstormProjects/modern-mean-core-material/client/core.client.module.js
FN:1,(anonymous_1)
FNF:1
FNH:1
FNDA:1,(anonymous_1)
DA:1,1
DA:4,1
DA:5,1
LF:3
LH:3
BRF:0
BRH:0
end_of_record
TN:
SF:/home/athroener/WebstormProjects/modern-mean-core-material/client/config/core.client.config.constants.js
FN:1,(anonymous_1)
FNF:1
FNH:1
FNDA:1,(anonymous_1)
DA:1,1
DA:4,1
LF:2
LH:2
BRF:0
BRH:0
end_of_record
TN:
SF:/home/athroener/WebstormProjects/modern-mean-core-material/client/config/core.client.config.google.analytics.js
FN:1,(anonymous_1)
FN:7,(anonymous_2)
FN:11,tracking
FNF:3
FNH:3
FNDA:1,(anonymous_1)
FNDA:55,(anonymous_2)
FNDA:56,tracking
DA:1,1
DA:4,1
DA:9,1
DA:11,1
DA:12,56
DA:13,56
DA:14,56
DA:15,56
LF:8
LH:8
BRF:0
BRH:0
end_of_record
TN:
SF:/home/athroener/WebstormProjects/modern-mean-core-material/client/config/core.client.config.log.js
FN:1,(anonymous_1)
FN:9,logging
FN:10,(anonymous_3)
FN:13,(anonymous_4)
FN:17,(anonymous_5)
FN:21,(anonymous_6)
FN:25,(anonymous_7)
FNF:7
FNH:7
FNDA:1,(anonymous_1)
FNDA:56,logging
FNDA:56,(anonymous_3)
FNDA:0,(anonymous_4)
FNDA:0,(anonymous_5)
FNDA:0,(anonymous_6)
FNDA:0,(anonymous_7)
DA:1,1
DA:4,1
DA:8,1
DA:9,1
DA:10,56
DA:12,56
DA:13,1
DA:16,56
DA:17,1
DA:20,56
DA:21,1
DA:24,56
DA:25,1
DA:28,56
LF:14
LH:14
BRDA:12,1,0,0
BRDA:12,1,1,56
BRDA:16,2,0,0
BRDA:16,2,1,56
BRDA:20,3,0,0
BRDA:20,3,1,56
BRDA:24,4,0,0
BRDA:24,4,1,56
BRF:8
BRH:8
end_of_record
TN:
SF:/home/athroener/WebstormProjects/modern-mean-core-material/client/config/core.client.config.routes.js
FN:1,(anonymous_1)
FN:10,routeConfig
FN:12,(anonymous_3)
FNF:3
FNH:3
FNDA:1,(anonymous_1)
FNDA:56,routeConfig
FNDA:1,(anonymous_3)
DA:1,1
DA:4,1
DA:8,1
DA:10,1
DA:12,56
DA:13,1
DA:19,56
LF:7
LH:7
BRF:0
BRH:0
end_of_record
TN:
SF:/home/athroener/WebstormProjects/modern-mean-core-material/client/config/core.client.config.theme.js
FN:1,(anonymous_1)
FN:8,theme
FNF:2
FNH:2
FNDA:1,(anonymous_1)
FNDA:56,theme
DA:1,1
DA:4,1
DA:8,1
DA:9,56
DA:25,56
DA:33,56
DA:40,56
LF:7
LH:7
BRF:0
BRH:0
end_of_record
TN:
SF:/home/athroener/WebstormProjects/modern-mean-core-material/client/config/core.config.client.js
FN:1,(anonymous_1)
FN:9,coreConfig
FNF:2
FNH:2
FNDA:1,(anonymous_1)
FNDA:56,coreConfig
DA:1,1
DA:4,1
DA:8,1
DA:9,1
DA:10,56
LF:5
LH:5
BRF:0
BRH:0
end_of_record
TN:
SF:/home/athroener/WebstormProjects/modern-mean-core-material/client/controllers/core.client.controller.header.js
FN:1,(anonymous_1)
FN:10,HeaderController
FN:17,(anonymous_3)
FN:23,(anonymous_4)
FNF:4
FNH:4
FNDA:1,(anonymous_1)
FNDA:4,HeaderController
FNDA:1,(anonymous_3)
FNDA:1,(anonymous_4)
DA:1,1
DA:4,1
DA:8,1
DA:10,1
DA:11,4
DA:13,4
DA:15,4
DA:18,1
DA:21,4
DA:24,1
DA:27,4
LF:11
LH:11
BRF:0
BRH:0
end_of_record
TN:
SF:/home/athroener/WebstormProjects/modern-mean-core-material/client/controllers/core.client.controller.home.js
FN:1,(anonymous_1)
FN:10,HomeController
FNF:2
FNH:2
FNDA:1,(anonymous_1)
FNDA:1,HomeController
DA:1,1
DA:4,1
DA:8,1
DA:10,1
DA:11,1
DA:13,1
LF:6
LH:6
BRF:0
BRH:0
end_of_record
TN:
SF:/home/athroener/WebstormProjects/modern-mean-core-material/client/controllers/core.client.controller.sidenav.left.js
FN:1,(anonymous_1)
FN:10,SideNavLeftController
FN:18,(anonymous_3)
FN:22,isLockedOpen
FNF:4
FNH:4
FNDA:1,(anonymous_1)
FNDA:7,SideNavLeftController
FNDA:4,(anonymous_3)
FNDA:6,isLockedOpen
DA:1,1
DA:4,1
DA:8,1
DA:10,1
DA:11,7
DA:13,7
DA:14,7
DA:16,7
DA:19,4
DA:22,1
DA:23,6
DA:24,6
DA:25,2
DA:26,2
DA:29,4
DA:30,2
DA:31,2
DA:34,2
DA:37,7
LF:19
LH:19
BRDA:24,1,0,2
BRDA:24,1,1,4
BRDA:29,2,0,2
BRDA:29,2,1,2
BRF:4
BRH:4
end_of_record
TN:
SF:/home/athroener/WebstormProjects/modern-mean-core-material/client/controllers/core.client.controller.sidenav.right.js
FN:1,(anonymous_1)
FN:10,SideNavRightController
FN:15,(anonymous_3)
FNF:3
FNH:3
FNDA:1,(anonymous_1)
FNDA:2,SideNavRightController
FNDA:1,(anonymous_3)
DA:1,1
DA:4,1
DA:8,1
DA:10,1
DA:11,2
DA:13,2
DA:16,1
DA:19,2
LF:8
LH:8
BRF:0
BRH:0
end_of_record
TN:
SF:/home/athroener/WebstormProjects/modern-mean-core-material/client/directives/core.client.directive.page.title.js
FN:1,(anonymous_1)
FN:10,pageTitle
FN:16,link
FN:19,listener
FNF:4
FNH:4
FNDA:1,(anonymous_1)
FNDA:2,pageTitle
FNDA:2,link
FNDA:2,listener
DA:1,1
DA:4,1
DA:8,1
DA:10,1
DA:11,2
DA:16,1
DA:17,2
DA:19,1
DA:20,2
DA:21,2
DA:22,1
DA:24,1
DA:29,2
LF:13
LH:13
BRDA:21,1,0,1
BRDA:21,1,1,1
BRDA:21,2,0,2
BRDA:21,2,1,2
BRF:4
BRH:4
end_of_record
TN:
SF:/home/athroener/WebstormProjects/modern-mean-core-material/client/factory/core.client.factory.menu.js
FN:1,(anonymous_1)
FN:9,menuFactory
FN:31,addItem
FN:45,getItem
FN:49,removeItem
FNF:5
FNH:5
FNDA:1,(anonymous_1)
FNDA:11,menuFactory
FNDA:4,addItem
FNDA:6,getItem
FNDA:3,removeItem
DA:1,1
DA:4,1
DA:8,1
DA:9,1
DA:10,11
DA:31,1
DA:32,4
DA:34,4
DA:35,1
DA:36,1
DA:39,3
DA:40,3
DA:41,3
DA:42,3
DA:45,1
DA:46,6
DA:49,1
DA:50,3
DA:51,2
DA:53,2
DA:54,1
DA:59,11
LF:22
LH:22
BRDA:34,1,0,1
BRDA:34,1,1,3
BRDA:50,2,0,2
BRDA:50,2,1,1
BRDA:53,3,0,1
BRDA:53,3,1,1
BRF:6
BRH:6
end_of_record
TN:
SF:/home/athroener/WebstormProjects/modern-mean-core-material/client/run/core.client.run.stateChangeStart.js
FN:1,(anonymous_1)
FN:10,stateChangeStart
FN:12,(anonymous_3)
FN:18,closeSideNavs
FN:21,(anonymous_5)
FN:27,(anonymous_6)
FNF:6
FNH:6
FNDA:1,(anonymous_1)
FNDA:55,stateChangeStart
FNDA:9,(anonymous_3)
FNDA:9,closeSideNavs
FNDA:3,(anonymous_5)
FNDA:3,(anonymous_6)
DA:1,1
DA:5,1
DA:9,1
DA:10,1
DA:12,55
DA:13,9
DA:14,9
DA:18,1
DA:19,9
DA:22,3
DA:25,9
DA:28,3
LF:12
LH:12
BRF:0
BRH:0
end_of_record
TN:
SF:/home/athroener/WebstormProjects/modern-mean-core-material/client/run/core.client.run.stateChangeSuccess.js
FN:1,(anonymous_1)
FN:10,stateChangeSuccess
FN:12,(anonymous_3)
FN:18,storePreviousState
FNF:4
FNH:4
FNDA:1,(anonymous_1)
FNDA:55,stateChangeSuccess
FNDA:10,(anonymous_3)
FNDA:10,storePreviousState
DA:1,1
DA:5,1
DA:9,1
DA:10,1
DA:12,55
DA:13,10
DA:14,10
DA:18,1
DA:20,10
DA:21,9
DA:30,55
LF:11
LH:11
BRDA:20,1,0,9
BRDA:20,1,1,1
BRDA:20,2,0,10
BRDA:20,2,1,3
BRF:4
BRH:4
end_of_record
TN:
SF:/home/athroener/WebstormProjects/modern-mean-core-material/client/services/core.client.services.menus.js
FN:1,(anonymous_1)
FN:9,menuService
FN:31,addItem
FN:44,getItem
FN:48,removeItem
FNF:5
FNH:5
FNDA:1,(anonymous_1)
FNDA:11,menuService
FNDA:4,addItem
FNDA:6,getItem
FNDA:3,removeItem
DA:1,1
DA:4,1
DA:8,1
DA:9,1
DA:10,11
DA:31,1
DA:32,4
DA:34,4
DA:35,1
DA:38,3
DA:39,3
DA:40,3
DA:41,3
DA:44,1
DA:45,6
DA:48,1
DA:49,3
DA:50,2
DA:52,2
DA:53,1
DA:58,11
LF:21
LH:21
BRDA:34,1,0,1
BRDA:34,1,1,3
BRDA:49,2,0,2
BRDA:49,2,1,1
BRDA:52,3,0,1
BRDA:52,3,1,1
BRF:6
BRH:6
end_of_record
